<?xml version="1.0" encoding="UTF-8"?>
<testsuite xmlns:xsi="http://www.w3.org/2001/XMLSchema-instance" xsi:noNamespaceSchemaLocation="https://maven.apache.org/surefire/maven-surefire-plugin/xsd/surefire-test-report-3.0.xsd" version="3.0" name="com.clothify.apigateway.ApiGatewayApplicationTests" time="5.515" tests="1" errors="0" skipped="0" failures="0">
  <properties>
[...]
</properties>
  <testcase name="contextLoads" classname="com.clothify.apigateway.ApiGatewayApplicationTests" time="0.485">
    <system-out><![CDATA[10:30:15.669 [main] INFO org.springframework.test.context.support.AnnotationConfigContextLoaderUtils -- Could not detect default configuration classes for test class [com.clothify.apigateway.ApiGatewayApplicationTests]: ApiGatewayApplicationTests does not declare any static, non-private, non-final, nested classes annotated with @Configuration.
10:30:15.735 [main] INFO org.springframework.boot.test.context.SpringBootTestContextBootstrapper -- Found @SpringBootConfiguration com.clothify.apigateway.ApiGatewayApplication for test class com.clothify.apigateway.ApiGatewayApplicationTests

  .   ____          _            __ _ _
 /\\ / ___'_ __ _ _(_)_ __  __ _ \ \ \ \
( ( )\___ | '_ | '_| | '_ \/ _` | \ \ \ \
 \\/  ___)| |_)| | | | | || (_| |  ) ) ) )
  '  |____| .__|_| |_|_| |_\__, | / / / /
 =========|_|==============|___/=/_/_/_/

 :: Spring Boot ::                (v3.3.2)

2025-12-10T10:30:17.004+05:30  INFO 24578 --- [api-gateway] [           main] c.c.a.ApiGatewayApplicationTests         : Starting ApiGatewayApplicationTests using Java 21.0.9 with PID 24578 (started by inoj in /home/inoj/ead/cw/api-gateway)
2025-12-10T10:30:17.005+05:30  INFO 24578 --- [api-gateway] [           main] c.c.a.ApiGatewayApplicationTests         : No active profile set, falling back to 1 default profile: "default"
2025-12-10T10:30:17.655+05:30  INFO 24578 --- [api-gateway] [           main] o.s.cloud.context.scope.GenericScope     : BeanFactory id=9b85ac97-6b67-3d9f-b30f-586a4e3d8e1f
2025-12-10T10:30:18.904+05:30  INFO 24578 --- [api-gateway] [           main] o.s.cloud.commons.util.InetUtils         : Cannot determine local hostname
2025-12-10T10:30:19.095+05:30 DEBUG 24578 --- [api-gateway] [           main] o.s.c.gateway.config.GatewayProperties   : Routes supplied from Gateway Properties: [RouteDefinition{id='product-service', predicates=[PredicateDefinition{name='Path', args={_genkey_0=/product-service/**}}], filters=[], uri=http://localhost:8080, order=0, metadata={}}, RouteDefinition{id='user-service', predicates=[PredicateDefinition{name='Path', args={_genkey_0=/api/users/**}}], filters=[], uri=http://localhost:8081, order=0, metadata={}}, RouteDefinition{id='order-service', predicates=[PredicateDefinition{name='Path', args={_genkey_0=/api/orders/**}}], filters=[], uri=http://localhost:8082, order=0, metadata={}}, RouteDefinition{id='inventory-service', predicates=[PredicateDefinition{name='Path', args={_genkey_0=/api/inventory/**}}], filters=[], uri=http://localhost:8083, order=0, metadata={}}]
2025-12-10T10:30:19.222+05:30  INFO 24578 --- [api-gateway] [           main] o.s.c.g.r.RouteDefinitionRouteLocator    : Loaded RoutePredicateFactory [After]
2025-12-10T10:30:19.222+05:30  INFO 24578 --- [api-gateway] [           main] o.s.c.g.r.RouteDefinitionRouteLocator    : Loaded RoutePredicateFactory [Before]
2025-12-10T10:30:19.222+05:30  INFO 24578 --- [api-gateway] [           main] o.s.c.g.r.RouteDefinitionRouteLocator    : Loaded RoutePredicateFactory [Between]
2025-12-10T10:30:19.222+05:30  INFO 24578 --- [api-gateway] [           main] o.s.c.g.r.RouteDefinitionRouteLocator    : Loaded RoutePredicateFactory [Cookie]
2025-12-10T10:30:19.222+05:30  INFO 24578 --- [api-gateway] [           main] o.s.c.g.r.RouteDefinitionRouteLocator    : Loaded RoutePredicateFactory [Header]
2025-12-10T10:30:19.222+05:30  INFO 24578 --- [api-gateway] [           main] o.s.c.g.r.RouteDefinitionRouteLocator    : Loaded RoutePredicateFactory [Host]
2025-12-10T10:30:19.222+05:30  INFO 24578 --- [api-gateway] [           main] o.s.c.g.r.RouteDefinitionRouteLocator    : Loaded RoutePredicateFactory [Method]
2025-12-10T10:30:19.223+05:30  INFO 24578 --- [api-gateway] [           main] o.s.c.g.r.RouteDefinitionRouteLocator    : Loaded RoutePredicateFactory [Path]
2025-12-10T10:30:19.223+05:30  INFO 24578 --- [api-gateway] [           main] o.s.c.g.r.RouteDefinitionRouteLocator    : Loaded RoutePredicateFactory [Query]
2025-12-10T10:30:19.223+05:30  INFO 24578 --- [api-gateway] [           main] o.s.c.g.r.RouteDefinitionRouteLocator    : Loaded RoutePredicateFactory [ReadBody]
2025-12-10T10:30:19.223+05:30  INFO 24578 --- [api-gateway] [           main] o.s.c.g.r.RouteDefinitionRouteLocator    : Loaded RoutePredicateFactory [RemoteAddr]
2025-12-10T10:30:19.223+05:30  INFO 24578 --- [api-gateway] [           main] o.s.c.g.r.RouteDefinitionRouteLocator    : Loaded RoutePredicateFactory [XForwardedRemoteAddr]
2025-12-10T10:30:19.223+05:30  INFO 24578 --- [api-gateway] [           main] o.s.c.g.r.RouteDefinitionRouteLocator    : Loaded RoutePredicateFactory [Weight]
2025-12-10T10:30:19.223+05:30  INFO 24578 --- [api-gateway] [           main] o.s.c.g.r.RouteDefinitionRouteLocator    : Loaded RoutePredicateFactory [CloudFoundryRouteService]
2025-12-10T10:30:20.336+05:30  INFO 24578 --- [api-gateway] [           main] o.s.cloud.commons.util.InetUtils         : Cannot determine local hostname
2025-12-10T10:30:20.370+05:30  INFO 24578 --- [api-gateway] [           main] o.s.b.a.e.web.EndpointLinksResolver      : Exposing 3 endpoints beneath base path '/actuator'
2025-12-10T10:30:20.546+05:30 DEBUG 24578 --- [api-gateway] [           main] o.s.c.g.r.RouteDefinitionRouteLocator    : RouteDefinition product-service applying {_genkey_0=/product-service/**} to Path
2025-12-10T10:30:20.566+05:30 DEBUG 24578 --- [api-gateway] [           main] o.s.c.g.r.RouteDefinitionRouteLocator    : RouteDefinition matched: product-service
2025-12-10T10:30:20.566+05:30 DEBUG 24578 --- [api-gateway] [           main] o.s.c.g.r.RouteDefinitionRouteLocator    : RouteDefinition user-service applying {_genkey_0=/api/users/**} to Path
2025-12-10T10:30:20.568+05:30 DEBUG 24578 --- [api-gateway] [           main] o.s.c.g.r.RouteDefinitionRouteLocator    : RouteDefinition matched: user-service
2025-12-10T10:30:20.568+05:30 DEBUG 24578 --- [api-gateway] [           main] o.s.c.g.r.RouteDefinitionRouteLocator    : RouteDefinition order-service applying {_genkey_0=/api/orders/**} to Path
2025-12-10T10:30:20.569+05:30 DEBUG 24578 --- [api-gateway] [           main] o.s.c.g.r.RouteDefinitionRouteLocator    : RouteDefinition matched: order-service
2025-12-10T10:30:20.569+05:30 DEBUG 24578 --- [api-gateway] [           main] o.s.c.g.r.RouteDefinitionRouteLocator    : RouteDefinition inventory-service applying {_genkey_0=/api/inventory/**} to Path
2025-12-10T10:30:20.570+05:30 DEBUG 24578 --- [api-gateway] [           main] o.s.c.g.r.RouteDefinitionRouteLocator    : RouteDefinition matched: inventory-service
2025-12-10T10:30:20.574+05:30 DEBUG 24578 --- [api-gateway] [           main] o.s.c.g.filter.GatewayMetricsFilter      : New routes count: 4
2025-12-10T10:30:20.575+05:30  INFO 24578 --- [api-gateway] [           main] c.c.a.ApiGatewayApplicationTests         : Started ApiGatewayApplicationTests in 4.758 seconds (process running for 5.303)
]]></system-out>
    <system-err><![CDATA[WARNING: A Java agent has been loaded dynamically (/home/inoj/.m2/repository/net/bytebuddy/byte-buddy-agent/1.14.18/byte-buddy-agent-1.14.18.jar)
WARNING: If a serviceability tool is in use, please run with -XX:+EnableDynamicAgentLoading to hide this warning
WARNING: If a serviceability tool is not in use, please run with -Djdk.instrument.traceUsage for more information
WARNING: Dynamic loading of agents will be disallowed by default in a future release
]]></system-err>
  </testcase>
</testsuite>